Build started 6/25/2014 3:58:04 PM.
     1>Project "C:\Users\Marcus\AsteroidsGame\src\AsteroidsGame.vcxproj" on node 2 (build target(s)).
     1>InitializeBuildStatus:
         Touching "Debug\AsteroidsGame.unsuccessfulbuild".
       ClCompile:
         C:\Program Files (x86)\Microsoft Visual Studio 10.0\VC\bin\CL.exe /c /IC:\Allegro\include /Zi /nologo /W3 /WX- /Od /Oy- /D WIN32 /D _DEBUG /D _WINDOWS /Gm /EHsc /RTC1 /MDd /GS /fp:precise /Zc:wchar_t /Zc:forScope /Fo"Debug\\" /Fd"Debug\vc100.pdb" /Gd /TP /analyze- /errorReport:prompt asteroid.cpp laser.cpp main.cpp ship.cpp
         ship.cpp
         main.cpp
         laser.cpp
         asteroid.cpp
         Generating Code...
     1>c:\users\marcus\asteroidsgame\src\main.cpp(215): warning C4715: '_mangled_main' : not all control paths return a value
       ManifestResourceCompile:
         C:\Program Files (x86)\Microsoft SDKs\Windows\v7.0A\bin\rc.exe /nologo /fo"Debug\AsteroidsGame.exe.embed.manifest.res" Debug\AsteroidsGame_manifest.rc 
       Link:
         C:\Program Files (x86)\Microsoft Visual Studio 10.0\VC\bin\link.exe /ERRORREPORT:PROMPT /OUT:"C:\Users\Marcus\AsteroidsGame\src\Debug\AsteroidsGame.exe" /INCREMENTAL /NOLOGO /LIBPATH:c:\allegro\lib "allegro-4.4.2-md.lib" /MANIFEST /ManifestFile:"Debug\AsteroidsGame.exe.intermediate.manifest" /MANIFESTUAC:"level='asInvoker' uiAccess='false'" /DEBUG /PDB:"C:\Users\Marcus\AsteroidsGame\src\Debug\AsteroidsGame.pdb" /SUBSYSTEM:WINDOWS /TLBID:1 /DYNAMICBASE /NXCOMPAT /IMPLIB:"C:\Users\Marcus\AsteroidsGame\src\Debug\AsteroidsGame.lib" /MACHINE:X86 Debug\AsteroidsGame.exe.embed.manifest.res
         Debug\asteroid.obj
         Debug\laser.obj
         Debug\main.obj
         Debug\ship.obj
       Manifest:
         Deleting file "Debug\AsteroidsGame.exe.embed.manifest".
         C:\Program Files (x86)\Microsoft SDKs\Windows\v7.0A\bin\mt.exe /nologo /verbose /out:"Debug\AsteroidsGame.exe.embed.manifest" /manifest Debug\AsteroidsGame.exe.intermediate.manifest
         C:\Program Files (x86)\Microsoft SDKs\Windows\v7.0A\bin\rc.exe /nologo /fo"Debug\AsteroidsGame.exe.embed.manifest.res" Debug\AsteroidsGame_manifest.rc 
       LinkEmbedManifest:
         C:\Program Files (x86)\Microsoft Visual Studio 10.0\VC\bin\link.exe /ERRORREPORT:PROMPT /OUT:"C:\Users\Marcus\AsteroidsGame\src\Debug\AsteroidsGame.exe" /INCREMENTAL /NOLOGO /LIBPATH:c:\allegro\lib "allegro-4.4.2-md.lib" /MANIFEST /ManifestFile:"Debug\AsteroidsGame.exe.intermediate.manifest" /MANIFESTUAC:"level='asInvoker' uiAccess='false'" /DEBUG /PDB:"C:\Users\Marcus\AsteroidsGame\src\Debug\AsteroidsGame.pdb" /SUBSYSTEM:WINDOWS /TLBID:1 /DYNAMICBASE /NXCOMPAT /IMPLIB:"C:\Users\Marcus\AsteroidsGame\src\Debug\AsteroidsGame.lib" /MACHINE:X86 Debug\AsteroidsGame.exe.embed.manifest.res
         Debug\asteroid.obj
         Debug\laser.obj
         Debug\main.obj
         Debug\ship.obj
         AsteroidsGame.vcxproj -> C:\Users\Marcus\AsteroidsGame\src\Debug\AsteroidsGame.exe
       FinalizeBuildStatus:
         Deleting file "Debug\AsteroidsGame.unsuccessfulbuild".
         Touching "Debug\AsteroidsGame.lastbuildstate".
     1>Done Building Project "C:\Users\Marcus\AsteroidsGame\src\AsteroidsGame.vcxproj" (build target(s)).

Build succeeded.

Time Elapsed 00:00:01.90
