C:\USERS\ADUVALL\GIT\ASTEROIDSGAME\RELEASE\ASTEROIDSGAME.EXE
C:\USERS\ADUVALL\GIT\ASTEROIDSGAME\RELEASE\ASTEROIDSGAME.EXE.EMBED.MANIFEST.RES
C:\USERS\ADUVALL\GIT\ASTEROIDSGAME\RELEASE\ASTEROIDSGAME.EXE.INTERMEDIATE.MANIFEST
C:\USERS\ADUVALL\GIT\ASTEROIDSGAME\RELEASE\ASTEROIDSGAME.PDB
C:\USERS\ADUVALL\GIT\ASTEROIDSGAME\RELEASE\MAIN.OBJ
C:\USERS\ADUVALL\GIT\ASTEROIDSGAME\RELEASE\SHIP.OBJ
C:\USERS\ADUVALL\GIT\ASTEROIDSGAME\RELEASE\VC100.PDB
C:\USERS\MARCUS\ASTEROIDSGAME\RELEASE\ASTEROIDSGAME.EXE.EMBED.MANIFEST
C:\USERS\MARCUS\ASTEROIDSGAME\RELEASE\ASTEROIDSGAME.EXE.EMBED.MANIFEST.RES
C:\Users\Marcus\AsteroidsGame\Release\AsteroidsGame.exe.intermediate.manifest
C:\Users\Marcus\AsteroidsGame\Release\AsteroidsGame.pdb
C:\Users\Marcus\AsteroidsGame\Release\AsteroidsGame.vcxprojResolveAssemblyReference.cache
C:\Users\Marcus\AsteroidsGame\Release\AsteroidsGame.write.1.tlog
C:\Users\Marcus\AsteroidsGame\Release\AsteroidsGame_manifest.rc
C:\Users\Marcus\AsteroidsGame\Release\cl.command.1.tlog
C:\Users\Marcus\AsteroidsGame\Release\CL.read.1.tlog
C:\Users\Marcus\AsteroidsGame\Release\CL.write.1.tlog
C:\USERS\MARCUS\ASTEROIDSGAME\RELEASE\HELLOWORLD.OBJ
C:\Users\Marcus\AsteroidsGame\Release\link.command.1.tlog
C:\Users\Marcus\AsteroidsGame\Release\link.read.1.tlog
C:\Users\Marcus\AsteroidsGame\Release\link.write.1.tlog
C:\Users\Marcus\AsteroidsGame\Release\link-cvtres.read.1.tlog
C:\Users\Marcus\AsteroidsGame\Release\link-cvtres.write.1.tlog
C:\USERS\MARCUS\ASTEROIDSGAME\RELEASE\MAIN.OBJ
C:\Users\Marcus\AsteroidsGame\Release\mt.command.1.tlog
C:\Users\Marcus\AsteroidsGame\Release\mt.read.1.tlog
C:\Users\Marcus\AsteroidsGame\Release\mt.write.1.tlog
C:\Users\Marcus\AsteroidsGame\Release\rc.command.1.tlog
C:\Users\Marcus\AsteroidsGame\Release\rc.read.1.tlog
C:\Users\Marcus\AsteroidsGame\Release\rc.write.1.tlog
C:\USERS\MARCUS\ASTEROIDSGAME\RELEASE\SHIP.OBJ
C:\USERS\MARCUS\ASTEROIDSGAME\RELEASE\VC100.PDB
